-------------------------------------------------------------------------------
Test set: com.controller.HelloControllerTest
-------------------------------------------------------------------------------
Tests run: 1, Failures: 0, Errors: 1, Skipped: 0, Time elapsed: 0.243 s <<< FAILURE! - in com.controller.HelloControllerTest
com.controller.HelloControllerTest  Time elapsed: 0.242 s  <<< ERROR!
java.lang.IllegalStateException: Unable to find a @SpringBootConfiguration, you need to use @ContextConfiguration or @SpringBootTest(classes=...) with your test

